This is pdfTeX, Version 3.1415926-2.4-1.40.13 (MiKTeX 2.9 64-bit) (preloaded format=pdflatex 2014.5.15)  16 APR 2015 22:05
entering extended mode
**final_report.tex

("C:\Users\Yue\Desktop\master's\2015 Winter\Data mining\bike-sharing-current\fi
nal_report.tex"
LaTeX2e <2011/06/27>
Babel <v3.8m> and hyphenation patterns for english, afrikaans, ancientgreek, ar
abic, armenian, assamese, basque, bengali, bokmal, bulgarian, catalan, coptic, 
croatian, czech, danish, dutch, esperanto, estonian, farsi, finnish, french, ga
lician, german, german-x-2012-05-30, greek, gujarati, hindi, hungarian, iceland
ic, indonesian, interlingua, irish, italian, kannada, kurmanji, latin, latvian,
 lithuanian, malayalam, marathi, mongolian, mongolianlmc, monogreek, ngerman, n
german-x-2012-05-30, nynorsk, oriya, panjabi, pinyin, polish, portuguese, roman
ian, russian, sanskrit, serbian, slovak, slovenian, spanish, swedish, swissgerm
an, tamil, telugu, turkish, turkmen, ukenglish, ukrainian, uppersorbian, usengl
ishmax, welsh, loaded.
("C:\Program Files\MiKTeX 2.9\tex\latex\base\article.cls"
Document Class: article 2007/10/19 v1.4h Standard LaTeX document class
("C:\Program Files\MiKTeX 2.9\tex\latex\base\size12.clo"
File: size12.clo 2007/10/19 v1.4h Standard LaTeX file (size option)
)
\c@part=\count79
\c@section=\count80
\c@subsection=\count81
\c@subsubsection=\count82
\c@paragraph=\count83
\c@subparagraph=\count84
\c@figure=\count85
\c@table=\count86
\abovecaptionskip=\skip41
\belowcaptionskip=\skip42
\bibindent=\dimen102
)
("C:\Program Files\MiKTeX 2.9\tex\latex\titlesec\titlesec.sty"
Package: titlesec 2011/12/15 v2.10.0 Sectioning titles
\ttl@box=\box26
\beforetitleunit=\skip43
\aftertitleunit=\skip44
\ttl@plus=\dimen103
\ttl@minus=\dimen104
\ttl@toksa=\toks14
\titlewidth=\dimen105
\titlewidthlast=\dimen106
\titlewidthfirst=\dimen107
)
("C:\Program Files\MiKTeX 2.9\tex\latex\setspace\setspace.sty"
Package: setspace 2011/12/19 v6.7a set line spacing
)
("C:\Program Files\MiKTeX 2.9\tex\latex\amsmath\amsmath.sty"
Package: amsmath 2013/01/14 v2.14 AMS math features
\@mathmargin=\skip45

For additional information on amsmath, use the `?' option.
("C:\Program Files\MiKTeX 2.9\tex\latex\amsmath\amstext.sty"
Package: amstext 2000/06/29 v2.01

("C:\Program Files\MiKTeX 2.9\tex\latex\amsmath\amsgen.sty"
File: amsgen.sty 1999/11/30 v2.0
\@emptytoks=\toks15
\ex@=\dimen108
))
("C:\Program Files\MiKTeX 2.9\tex\latex\amsmath\amsbsy.sty"
Package: amsbsy 1999/11/29 v1.2d
\pmbraise@=\dimen109
)
("C:\Program Files\MiKTeX 2.9\tex\latex\amsmath\amsopn.sty"
Package: amsopn 1999/12/14 v2.01 operator names
)
\inf@bad=\count87
LaTeX Info: Redefining \frac on input line 210.
\uproot@=\count88
\leftroot@=\count89
LaTeX Info: Redefining \overline on input line 306.
\classnum@=\count90
\DOTSCASE@=\count91
LaTeX Info: Redefining \ldots on input line 378.
LaTeX Info: Redefining \dots on input line 381.
LaTeX Info: Redefining \cdots on input line 466.
\Mathstrutbox@=\box27
\strutbox@=\box28
\big@size=\dimen110
LaTeX Font Info:    Redeclaring font encoding OML on input line 566.
LaTeX Font Info:    Redeclaring font encoding OMS on input line 567.
\macc@depth=\count92
\c@MaxMatrixCols=\count93
\dotsspace@=\muskip10
\c@parentequation=\count94
\dspbrk@lvl=\count95
\tag@help=\toks16
\row@=\count96
\column@=\count97
\maxfields@=\count98
\andhelp@=\toks17
\eqnshift@=\dimen111
\alignsep@=\dimen112
\tagshift@=\dimen113
\tagwidth@=\dimen114
\totwidth@=\dimen115
\lineht@=\dimen116
\@envbody=\toks18
\multlinegap=\skip46
\multlinetaggap=\skip47
\mathdisplay@stack=\toks19
LaTeX Info: Redefining \[ on input line 2665.
LaTeX Info: Redefining \] on input line 2666.
)
("C:\Program Files\MiKTeX 2.9\tex\latex\amsfonts\amssymb.sty"
Package: amssymb 2013/01/14 v3.01 AMS font symbols

("C:\Program Files\MiKTeX 2.9\tex\latex\amsfonts\amsfonts.sty"
Package: amsfonts 2013/01/14 v3.01 Basic AMSFonts support
\symAMSa=\mathgroup4
\symAMSb=\mathgroup5
LaTeX Font Info:    Overwriting math alphabet `\mathfrak' in version `bold'
(Font)                  U/euf/m/n --> U/euf/b/n on input line 106.
))
("C:\Program Files\MiKTeX 2.9\tex\latex\graphics\epsfig.sty"
Package: epsfig 1999/02/16 v1.7a (e)psfig emulation (SPQR)

("C:\Program Files\MiKTeX 2.9\tex\latex\graphics\graphicx.sty"
Package: graphicx 1999/02/16 v1.0f Enhanced LaTeX Graphics (DPC,SPQR)

("C:\Program Files\MiKTeX 2.9\tex\latex\graphics\keyval.sty"
Package: keyval 1999/03/16 v1.13 key=value parser (DPC)
\KV@toks@=\toks20
)
("C:\Program Files\MiKTeX 2.9\tex\latex\graphics\graphics.sty"
Package: graphics 2009/02/05 v1.0o Standard LaTeX Graphics (DPC,SPQR)

("C:\Program Files\MiKTeX 2.9\tex\latex\graphics\trig.sty"
Package: trig 1999/03/16 v1.09 sin cos tan (DPC)
)
("C:\Program Files\MiKTeX 2.9\tex\latex\00miktex\graphics.cfg"
File: graphics.cfg 2007/01/18 v1.5 graphics configuration of teTeX/TeXLive
)
Package graphics Info: Driver file: pdftex.def on input line 91.

("C:\Program Files\MiKTeX 2.9\tex\latex\pdftex-def\pdftex.def"
File: pdftex.def 2011/05/27 v0.06d Graphics/color for pdfTeX

("C:\Program Files\MiKTeX 2.9\tex\generic\oberdiek\infwarerr.sty"
Package: infwarerr 2010/04/08 v1.3 Providing info/warning/error messages (HO)
)
("C:\Program Files\MiKTeX 2.9\tex\generic\oberdiek\ltxcmds.sty"
Package: ltxcmds 2011/11/09 v1.22 LaTeX kernel commands for general use (HO)
)
\Gread@gobject=\count99
))
\Gin@req@height=\dimen117
\Gin@req@width=\dimen118
)
\epsfxsize=\dimen119
\epsfysize=\dimen120
)
("C:\Program Files\MiKTeX 2.9\tex\latex\fancybox\fancybox.sty"
Package: fancybox 2010/05/15 1.4

Style option: `fancybox' v1.4 <2010/05/15> (tvz)
\@fancybox=\box29
\shadowsize=\dimen121
\@Sbox=\box30
\do@VerbBox=\toks21
\the@fancyput=\toks22
\this@fancyput=\toks23
\EndVerbatimTokens=\toks24
\Verbatim@Outfile=\write3
\Verbatim@Infile=\read1
) ("C:\Program Files\MiKTeX 2.9\tex\latex\listings\listings.sty"
\lst@mode=\count100
\lst@gtempboxa=\box31
\lst@token=\toks25
\lst@length=\count101
\lst@currlwidth=\dimen122
\lst@column=\count102
\lst@pos=\count103
\lst@lostspace=\dimen123
\lst@width=\dimen124
\lst@newlines=\count104
\lst@lineno=\count105
\lst@maxwidth=\dimen125

("C:\Program Files\MiKTeX 2.9\tex\latex\listings\lstmisc.sty"
File: lstmisc.sty 2007/02/22 1.4 (Carsten Heinz)
\c@lstnumber=\count106
\lst@skipnumbers=\count107
\lst@framebox=\box32
)
("C:\Program Files\MiKTeX 2.9\tex\latex\listings\listings.cfg"
File: listings.cfg 2007/02/22 1.4 listings configuration
))
Package: listings 2007/02/22 1.4 (Carsten Heinz)

("C:\Program Files\MiKTeX 2.9\tex\latex\ltxmisc\url.sty"
\Urlmuskip=\muskip11
Package: url 2006/04/12  ver 3.3  Verb mode for urls, etc.
)
("C:\Program Files\MiKTeX 2.9\tex\latex\xcolor\xcolor.sty"
Package: xcolor 2007/01/21 v2.11 LaTeX color extensions (UK)

("C:\Program Files\MiKTeX 2.9\tex\latex\00miktex\color.cfg"
File: color.cfg 2007/01/18 v1.5 color configuration of teTeX/TeXLive
)
Package xcolor Info: Driver file: pdftex.def on input line 225.
Package xcolor Info: Model `cmy' substituted by `cmy0' on input line 1337.
Package xcolor Info: Model `hsb' substituted by `rgb' on input line 1341.
Package xcolor Info: Model `RGB' extended on input line 1353.
Package xcolor Info: Model `HTML' substituted by `rgb' on input line 1355.
Package xcolor Info: Model `Hsb' substituted by `hsb' on input line 1356.
Package xcolor Info: Model `tHsb' substituted by `hsb' on input line 1357.
Package xcolor Info: Model `HSB' substituted by `hsb' on input line 1358.
Package xcolor Info: Model `Gray' substituted by `gray' on input line 1359.
Package xcolor Info: Model `wave' substituted by `hsb' on input line 1360.
)
("C:\Program Files\MiKTeX 2.9\tex\latex\adjustbox\adjustbox.sty"
Package: adjustbox 2012/05/21 v1.0 Adjusting TeX boxes (trim, clip, ...)

("C:\Program Files\MiKTeX 2.9\tex\latex\xkeyval\xkeyval.sty"
Package: xkeyval 2012/10/14 v2.6b package option processing (HA)

("C:\Program Files\MiKTeX 2.9\tex\generic\xkeyval\xkeyval.tex"
\XKV@toks=\toks26
\XKV@tempa@toks=\toks27
\XKV@depth=\count108
File: xkeyval.tex 2012/10/14 v2.6b key=value parser (HA)
))
("C:\Program Files\MiKTeX 2.9\tex\latex\adjustbox\adjcalc.sty"
Package: adjcalc 2012/05/16 v1.1 Provides advanced setlength with multiple back
-ends (calc, etex, pgfmath)
)
("C:\Program Files\MiKTeX 2.9\tex\latex\adjustbox\trimclip.sty"
Package: trimclip 2012/05/16 v1.0 Trim and clip general TeX material

("C:\Program Files\MiKTeX 2.9\tex\latex\collectbox\collectbox.sty"
Package: collectbox 2012/05/17 v0.4b Collect macro arguments as boxes
\collectedbox=\box33
)
\tc@llx=\dimen126
\tc@lly=\dimen127
\tc@urx=\dimen128
\tc@ury=\dimen129
Package trimclip Info: Using driver 'tc-pdftex.def'.

("C:\Program Files\MiKTeX 2.9\tex\latex\adjustbox\tc-pdftex.def"
File: tc-pdftex.def 2012/05/13 v1.0 Clipping driver for pdftex
))
\adjbox@Width=\dimen130
\adjbox@Height=\dimen131
\adjbox@Depth=\dimen132
\adjbox@Totalheight=\dimen133

("C:\Program Files\MiKTeX 2.9\tex\latex\ifoddpage\ifoddpage.sty"
Package: ifoddpage 2011/09/13 v1.0 Conditionals for odd/even page detection
\c@checkoddpage=\count109
)
("C:\Program Files\MiKTeX 2.9\tex\latex\ltxmisc\varwidth.sty"
Package: varwidth 2009/03/30 ver 0.92;  Variable-width minipages
\@vwid@box=\box34
\sift@deathcycles=\count110
\@vwid@loff=\dimen134
\@vwid@roff=\dimen135
))
("C:\Program Files\MiKTeX 2.9\tex\latex\float\float.sty"
Package: float 2001/11/08 v1.3d Float enhancements (AL)
\c@float@type=\count111
\float@exts=\toks28
\float@box=\box35
\@float@everytoks=\toks29
\@floatcapt=\box36
)
("C:\Program Files\MiKTeX 2.9\tex\latex\tools\multicol.sty"
Package: multicol 2011/06/27 v1.7a multicolumn formatting (FMi)
\c@tracingmulticols=\count112
\mult@box=\box37
\multicol@leftmargin=\dimen136
\c@unbalance=\count113
\c@collectmore=\count114
\doublecol@number=\count115
\multicoltolerance=\count116
\multicolpretolerance=\count117
\full@width=\dimen137
\page@free=\dimen138
\premulticols=\dimen139
\postmulticols=\dimen140
\multicolsep=\skip48
\multicolbaselineskip=\skip49
\partial@page=\box38
\last@line=\box39
\mult@rightbox=\box40
\mult@grightbox=\box41
\mult@gfirstbox=\box42
\mult@firstbox=\box43
\@tempa=\box44
\@tempa=\box45
\@tempa=\box46
\@tempa=\box47
\@tempa=\box48
\@tempa=\box49
\@tempa=\box50
\@tempa=\box51
\@tempa=\box52
\@tempa=\box53
\@tempa=\box54
\@tempa=\box55
\@tempa=\box56
\@tempa=\box57
\@tempa=\box58
\@tempa=\box59
\@tempa=\box60
\c@columnbadness=\count118
\c@finalcolumnbadness=\count119
\last@try=\dimen141
\multicolovershoot=\dimen142
\multicolundershoot=\dimen143
\mult@nat@firstbox=\box61
\colbreak@box=\box62
\multicol@sort@counter=\count120
)
("C:\Program Files\MiKTeX 2.9\tex\latex\base\inputenc.sty"
Package: inputenc 2008/03/30 v1.1d Input encoding file
\inpenc@prehook=\toks30
\inpenc@posthook=\toks31

("C:\Program Files\MiKTeX 2.9\tex\latex\base\utf8.def"
File: utf8.def 2008/04/05 v1.1m UTF-8 support for inputenc
Now handling font encoding OML ...
... no UTF-8 mapping file for font encoding OML
Now handling font encoding T1 ...
... processing UTF-8 mapping file for font encoding T1

("C:\Program Files\MiKTeX 2.9\tex\latex\base\t1enc.dfu"
File: t1enc.dfu 2008/04/05 v1.1m UTF-8 support for inputenc
   defining Unicode char U+00A1 (decimal 161)
   defining Unicode char U+00A3 (decimal 163)
   defining Unicode char U+00AB (decimal 171)
   defining Unicode char U+00BB (decimal 187)
   defining Unicode char U+00BF (decimal 191)
   defining Unicode char U+00C0 (decimal 192)
   defining Unicode char U+00C1 (decimal 193)
   defining Unicode char U+00C2 (decimal 194)
   defining Unicode char U+00C3 (decimal 195)
   defining Unicode char U+00C4 (decimal 196)
   defining Unicode char U+00C5 (decimal 197)
   defining Unicode char U+00C6 (decimal 198)
   defining Unicode char U+00C7 (decimal 199)
   defining Unicode char U+00C8 (decimal 200)
   defining Unicode char U+00C9 (decimal 201)
   defining Unicode char U+00CA (decimal 202)
   defining Unicode char U+00CB (decimal 203)
   defining Unicode char U+00CC (decimal 204)
   defining Unicode char U+00CD (decimal 205)
   defining Unicode char U+00CE (decimal 206)
   defining Unicode char U+00CF (decimal 207)
   defining Unicode char U+00D0 (decimal 208)
   defining Unicode char U+00D1 (decimal 209)
   defining Unicode char U+00D2 (decimal 210)
   defining Unicode char U+00D3 (decimal 211)
   defining Unicode char U+00D4 (decimal 212)
   defining Unicode char U+00D5 (decimal 213)
   defining Unicode char U+00D6 (decimal 214)
   defining Unicode char U+00D8 (decimal 216)
   defining Unicode char U+00D9 (decimal 217)
   defining Unicode char U+00DA (decimal 218)
   defining Unicode char U+00DB (decimal 219)
   defining Unicode char U+00DC (decimal 220)
   defining Unicode char U+00DD (decimal 221)
   defining Unicode char U+00DE (decimal 222)
   defining Unicode char U+00DF (decimal 223)
   defining Unicode char U+00E0 (decimal 224)
   defining Unicode char U+00E1 (decimal 225)
   defining Unicode char U+00E2 (decimal 226)
   defining Unicode char U+00E3 (decimal 227)
   defining Unicode char U+00E4 (decimal 228)
   defining Unicode char U+00E5 (decimal 229)
   defining Unicode char U+00E6 (decimal 230)
   defining Unicode char U+00E7 (decimal 231)
   defining Unicode char U+00E8 (decimal 232)
   defining Unicode char U+00E9 (decimal 233)
   defining Unicode char U+00EA (decimal 234)
   defining Unicode char U+00EB (decimal 235)
   defining Unicode char U+00EC (decimal 236)
   defining Unicode char U+00ED (decimal 237)
   defining Unicode char U+00EE (decimal 238)
   defining Unicode char U+00EF (decimal 239)
   defining Unicode char U+00F0 (decimal 240)
   defining Unicode char U+00F1 (decimal 241)
   defining Unicode char U+00F2 (decimal 242)
   defining Unicode char U+00F3 (decimal 243)
   defining Unicode char U+00F4 (decimal 244)
   defining Unicode char U+00F5 (decimal 245)
   defining Unicode char U+00F6 (decimal 246)
   defining Unicode char U+00F8 (decimal 248)
   defining Unicode char U+00F9 (decimal 249)
   defining Unicode char U+00FA (decimal 250)
   defining Unicode char U+00FB (decimal 251)
   defining Unicode char U+00FC (decimal 252)
   defining Unicode char U+00FD (decimal 253)
   defining Unicode char U+00FE (decimal 254)
   defining Unicode char U+00FF (decimal 255)
   defining Unicode char U+0102 (decimal 258)
   defining Unicode char U+0103 (decimal 259)
   defining Unicode char U+0104 (decimal 260)
   defining Unicode char U+0105 (decimal 261)
   defining Unicode char U+0106 (decimal 262)
   defining Unicode char U+0107 (decimal 263)
   defining Unicode char U+010C (decimal 268)
   defining Unicode char U+010D (decimal 269)
   defining Unicode char U+010E (decimal 270)
   defining Unicode char U+010F (decimal 271)
   defining Unicode char U+0110 (decimal 272)
   defining Unicode char U+0111 (decimal 273)
   defining Unicode char U+0118 (decimal 280)
   defining Unicode char U+0119 (decimal 281)
   defining Unicode char U+011A (decimal 282)
   defining Unicode char U+011B (decimal 283)
   defining Unicode char U+011E (decimal 286)
   defining Unicode char U+011F (decimal 287)
   defining Unicode char U+0130 (decimal 304)
   defining Unicode char U+0131 (decimal 305)
   defining Unicode char U+0132 (decimal 306)
   defining Unicode char U+0133 (decimal 307)
   defining Unicode char U+0139 (decimal 313)
   defining Unicode char U+013A (decimal 314)
   defining Unicode char U+013D (decimal 317)
   defining Unicode char U+013E (decimal 318)
   defining Unicode char U+0141 (decimal 321)
   defining Unicode char U+0142 (decimal 322)
   defining Unicode char U+0143 (decimal 323)
   defining Unicode char U+0144 (decimal 324)
   defining Unicode char U+0147 (decimal 327)
   defining Unicode char U+0148 (decimal 328)
   defining Unicode char U+014A (decimal 330)
   defining Unicode char U+014B (decimal 331)
   defining Unicode char U+0150 (decimal 336)
   defining Unicode char U+0151 (decimal 337)
   defining Unicode char U+0152 (decimal 338)
   defining Unicode char U+0153 (decimal 339)
   defining Unicode char U+0154 (decimal 340)
   defining Unicode char U+0155 (decimal 341)
   defining Unicode char U+0158 (decimal 344)
   defining Unicode char U+0159 (decimal 345)
   defining Unicode char U+015A (decimal 346)
   defining Unicode char U+015B (decimal 347)
   defining Unicode char U+015E (decimal 350)
   defining Unicode char U+015F (decimal 351)
   defining Unicode char U+0160 (decimal 352)
   defining Unicode char U+0161 (decimal 353)
   defining Unicode char U+0162 (decimal 354)
   defining Unicode char U+0163 (decimal 355)
   defining Unicode char U+0164 (decimal 356)
   defining Unicode char U+0165 (decimal 357)
   defining Unicode char U+016E (decimal 366)
   defining Unicode char U+016F (decimal 367)
   defining Unicode char U+0170 (decimal 368)
   defining Unicode char U+0171 (decimal 369)
   defining Unicode char U+0178 (decimal 376)
   defining Unicode char U+0179 (decimal 377)
   defining Unicode char U+017A (decimal 378)
   defining Unicode char U+017B (decimal 379)
   defining Unicode char U+017C (decimal 380)
   defining Unicode char U+017D (decimal 381)
   defining Unicode char U+017E (decimal 382)
   defining Unicode char U+200C (decimal 8204)
   defining Unicode char U+2013 (decimal 8211)
   defining Unicode char U+2014 (decimal 8212)
   defining Unicode char U+2018 (decimal 8216)
   defining Unicode char U+2019 (decimal 8217)
   defining Unicode char U+201A (decimal 8218)
   defining Unicode char U+201C (decimal 8220)
   defining Unicode char U+201D (decimal 8221)
   defining Unicode char U+201E (decimal 8222)
   defining Unicode char U+2030 (decimal 8240)
   defining Unicode char U+2031 (decimal 8241)
   defining Unicode char U+2039 (decimal 8249)
   defining Unicode char U+203A (decimal 8250)
   defining Unicode char U+2423 (decimal 9251)
)
Now handling font encoding OT1 ...
... processing UTF-8 mapping file for font encoding OT1

("C:\Program Files\MiKTeX 2.9\tex\latex\base\ot1enc.dfu"
File: ot1enc.dfu 2008/04/05 v1.1m UTF-8 support for inputenc
   defining Unicode char U+00A1 (decimal 161)
   defining Unicode char U+00A3 (decimal 163)
   defining Unicode char U+00B8 (decimal 184)
   defining Unicode char U+00BF (decimal 191)
   defining Unicode char U+00C5 (decimal 197)
   defining Unicode char U+00C6 (decimal 198)
   defining Unicode char U+00D8 (decimal 216)
   defining Unicode char U+00DF (decimal 223)
   defining Unicode char U+00E6 (decimal 230)
   defining Unicode char U+00EC (decimal 236)
   defining Unicode char U+00ED (decimal 237)
   defining Unicode char U+00EE (decimal 238)
   defining Unicode char U+00EF (decimal 239)
   defining Unicode char U+00F8 (decimal 248)
   defining Unicode char U+0131 (decimal 305)
   defining Unicode char U+0141 (decimal 321)
   defining Unicode char U+0142 (decimal 322)
   defining Unicode char U+0152 (decimal 338)
   defining Unicode char U+0153 (decimal 339)
   defining Unicode char U+2013 (decimal 8211)
   defining Unicode char U+2014 (decimal 8212)
   defining Unicode char U+2018 (decimal 8216)
   defining Unicode char U+2019 (decimal 8217)
   defining Unicode char U+201C (decimal 8220)
   defining Unicode char U+201D (decimal 8221)
)
Now handling font encoding OMS ...
... processing UTF-8 mapping file for font encoding OMS

("C:\Program Files\MiKTeX 2.9\tex\latex\base\omsenc.dfu"
File: omsenc.dfu 2008/04/05 v1.1m UTF-8 support for inputenc
   defining Unicode char U+00A7 (decimal 167)
   defining Unicode char U+00B6 (decimal 182)
   defining Unicode char U+00B7 (decimal 183)
   defining Unicode char U+2020 (decimal 8224)
   defining Unicode char U+2021 (decimal 8225)
   defining Unicode char U+2022 (decimal 8226)
)
Now handling font encoding OMX ...
... no UTF-8 mapping file for font encoding OMX
Now handling font encoding U ...
... no UTF-8 mapping file for font encoding U
   defining Unicode char U+00A9 (decimal 169)
   defining Unicode char U+00AA (decimal 170)
   defining Unicode char U+00AE (decimal 174)
   defining Unicode char U+00BA (decimal 186)
   defining Unicode char U+02C6 (decimal 710)
   defining Unicode char U+02DC (decimal 732)
   defining Unicode char U+200C (decimal 8204)
   defining Unicode char U+2026 (decimal 8230)
   defining Unicode char U+2122 (decimal 8482)
   defining Unicode char U+2423 (decimal 9251)
))
("C:\Program Files\MiKTeX 2.9\tex\latex\hyperref\hyperref.sty"
Package: hyperref 2012/11/06 v6.83m Hypertext links for LaTeX

("C:\Program Files\MiKTeX 2.9\tex\generic\oberdiek\hobsub-hyperref.sty"
Package: hobsub-hyperref 2012/04/25 v1.12 Bundle oberdiek, subset hyperref (HO)


("C:\Program Files\MiKTeX 2.9\tex\generic\oberdiek\hobsub-generic.sty"
Package: hobsub-generic 2012/04/25 v1.12 Bundle oberdiek, subset generic (HO)
Package: hobsub 2012/04/25 v1.12 Construct package bundles (HO)
Package hobsub Info: Skipping package `infwarerr' (already loaded).
Package hobsub Info: Skipping package `ltxcmds' (already loaded).
Package: ifluatex 2010/03/01 v1.3 Provides the ifluatex switch (HO)
Package ifluatex Info: LuaTeX not detected.
Package: ifvtex 2010/03/01 v1.5 Detect VTeX and its facilities (HO)
Package ifvtex Info: VTeX not detected.
Package: intcalc 2007/09/27 v1.1 Expandable calculations with integers (HO)
Package: ifpdf 2011/01/30 v2.3 Provides the ifpdf switch (HO)
Package ifpdf Info: pdfTeX in PDF mode is detected.
Package: etexcmds 2011/02/16 v1.5 Avoid name clashes with e-TeX commands (HO)
Package etexcmds Info: Could not find \expanded.
(etexcmds)             That can mean that you are not using pdfTeX 1.50 or
(etexcmds)             that some package has redefined \expanded.
(etexcmds)             In the latter case, load this package earlier.
Package: kvsetkeys 2012/04/25 v1.16 Key value parser (HO)
Package: kvdefinekeys 2011/04/07 v1.3 Define keys (HO)
Package: pdftexcmds 2011/11/29 v0.20 Utility functions of pdfTeX for LuaTeX (HO
)
Package pdftexcmds Info: LuaTeX not detected.
Package pdftexcmds Info: \pdf@primitive is available.
Package pdftexcmds Info: \pdf@ifprimitive is available.
Package pdftexcmds Info: \pdfdraftmode found.
Package: pdfescape 2011/11/25 v1.13 Implements pdfTeX's escape features (HO)
Package: bigintcalc 2012/04/08 v1.3 Expandable calculations on big integers (HO
)
Package: bitset 2011/01/30 v1.1 Handle bit-vector datatype (HO)
Package: uniquecounter 2011/01/30 v1.2 Provide unlimited unique counter (HO)
)
Package hobsub Info: Skipping package `hobsub' (already loaded).
Package: letltxmacro 2010/09/02 v1.4 Let assignment for LaTeX macros (HO)
Package: hopatch 2011/06/24 v1.1 Wrapper for package hooks (HO)
Package: xcolor-patch 2011/01/30 xcolor patch
Package: atveryend 2011/06/30 v1.8 Hooks at the very end of document (HO)
Package atveryend Info: \enddocument detected (standard20110627).
Package: atbegshi 2011/10/05 v1.16 At begin shipout hook (HO)
Package: refcount 2011/10/16 v3.4 Data extraction from label references (HO)
Package: hycolor 2011/01/30 v1.7 Color options for hyperref/bookmark (HO)
)
("C:\Program Files\MiKTeX 2.9\tex\generic\ifxetex\ifxetex.sty"
Package: ifxetex 2010/09/12 v0.6 Provides ifxetex conditional
)
("C:\Program Files\MiKTeX 2.9\tex\latex\oberdiek\auxhook.sty"
Package: auxhook 2011/03/04 v1.3 Hooks for auxiliary files (HO)
)
("C:\Program Files\MiKTeX 2.9\tex\latex\oberdiek\kvoptions.sty"
Package: kvoptions 2011/06/30 v3.11 Key value format for package options (HO)
)
\@linkdim=\dimen144
\Hy@linkcounter=\count121
\Hy@pagecounter=\count122

("C:\Program Files\MiKTeX 2.9\tex\latex\hyperref\pd1enc.def"
File: pd1enc.def 2012/11/06 v6.83m Hyperref: PDFDocEncoding definition (HO)
Now handling font encoding PD1 ...
... no UTF-8 mapping file for font encoding PD1
)
\Hy@SavedSpaceFactor=\count123

("C:\Program Files\MiKTeX 2.9\tex\latex\00miktex\hyperref.cfg"
File: hyperref.cfg 2002/06/06 v1.2 hyperref configuration of TeXLive
)
Package hyperref Info: Option `colorlinks' set `true' on input line 4319.
Package hyperref Info: Hyper figures OFF on input line 4443.
Package hyperref Info: Link nesting OFF on input line 4448.
Package hyperref Info: Hyper index ON on input line 4451.
Package hyperref Info: Plain pages OFF on input line 4458.
Package hyperref Info: Backreferencing OFF on input line 4463.
Package hyperref Info: Implicit mode ON; LaTeX internals redefined.
Package hyperref Info: Bookmarks ON on input line 4688.
\c@Hy@tempcnt=\count124
LaTeX Info: Redefining \url on input line 5041.
\XeTeXLinkMargin=\dimen145
\Fld@menulength=\count125
\Field@Width=\dimen146
\Fld@charsize=\dimen147
Package hyperref Info: Hyper figures OFF on input line 6295.
Package hyperref Info: Link nesting OFF on input line 6300.
Package hyperref Info: Hyper index ON on input line 6303.
Package hyperref Info: backreferencing OFF on input line 6310.
Package hyperref Info: Link coloring ON on input line 6313.
Package hyperref Info: Link coloring with OCG OFF on input line 6320.
Package hyperref Info: PDF/A mode OFF on input line 6325.
LaTeX Info: Redefining \ref on input line 6365.
LaTeX Info: Redefining \pageref on input line 6369.
\Hy@abspage=\count126
\c@Item=\count127
\c@Hfootnote=\count128
)

Package hyperref Message: Driver (autodetected): hpdftex.

("C:\Program Files\MiKTeX 2.9\tex\latex\hyperref\hpdftex.def"
File: hpdftex.def 2012/11/06 v6.83m Hyperref driver for pdfTeX
\Fld@listcount=\count129
\c@bookmark@seq@number=\count130

("C:\Program Files\MiKTeX 2.9\tex\latex\oberdiek\rerunfilecheck.sty"
Package: rerunfilecheck 2011/04/15 v1.7 Rerun checks for auxiliary files (HO)
Package uniquecounter Info: New unique counter `rerunfilecheck' on input line 2
82.
)
\Hy@SectionHShift=\skip50
)
("C:\Users\Yue\Desktop\master's\2015 Winter\Data mining\bike-sharing-current\fi
nal_report.aux")
LaTeX Font Info:    Checking defaults for OML/cmm/m/it on input line 53.
LaTeX Font Info:    ... okay on input line 53.
LaTeX Font Info:    Checking defaults for T1/cmr/m/n on input line 53.
LaTeX Font Info:    ... okay on input line 53.
LaTeX Font Info:    Checking defaults for OT1/cmr/m/n on input line 53.
LaTeX Font Info:    ... okay on input line 53.
LaTeX Font Info:    Checking defaults for OMS/cmsy/m/n on input line 53.
LaTeX Font Info:    ... okay on input line 53.
LaTeX Font Info:    Checking defaults for OMX/cmex/m/n on input line 53.
LaTeX Font Info:    ... okay on input line 53.
LaTeX Font Info:    Checking defaults for U/cmr/m/n on input line 53.
LaTeX Font Info:    ... okay on input line 53.
LaTeX Font Info:    Checking defaults for PD1/pdf/m/n on input line 53.
LaTeX Font Info:    ... okay on input line 53.
 ("C:\Program Files\MiKTeX 2.9\tex\context\base\supp-pdf.mkii"
[Loading MPS to PDF converter (version 2006.09.02).]
\scratchcounter=\count131
\scratchdimen=\dimen148
\scratchbox=\box63
\nofMPsegments=\count132
\nofMParguments=\count133
\everyMPshowfont=\toks32
\MPscratchCnt=\count134
\MPscratchDim=\dimen149
\MPnumerator=\count135
\makeMPintoPDFobject=\count136
\everyMPtoPDFconversion=\toks33
)
\c@lstlisting=\count137
\AtBeginShipoutBox=\box64
Package hyperref Info: Link coloring ON on input line 53.
 ("C:\Program Files\MiKTeX 2.9\tex\latex\hyperref\nameref.sty"
Package: nameref 2012/10/27 v2.43 Cross-referencing by name of section

("C:\Program Files\MiKTeX 2.9\tex\generic\oberdiek\gettitlestring.sty"
Package: gettitlestring 2010/12/03 v1.4 Cleanup title references (HO)
)
\c@section@level=\count138
)
LaTeX Info: Redefining \ref on input line 53.
LaTeX Info: Redefining \pageref on input line 53.
LaTeX Info: Redefining \nameref on input line 53.

("C:\Users\Yue\Desktop\master's\2015 Winter\Data mining\bike-sharing-current\fi
nal_report.out")
("C:\Users\Yue\Desktop\master's\2015 Winter\Data mining\bike-sharing-current\fi
nal_report.out")
\@outlinefile=\write4
LaTeX Font Info:    Try loading font information for U+msa on input line 57.
 ("C:\Program Files\MiKTeX 2.9\tex\latex\amsfonts\umsa.fd"
File: umsa.fd 2013/01/14 v3.01 AMS symbols A
)
LaTeX Font Info:    Try loading font information for U+msb on input line 57.

("C:\Program Files\MiKTeX 2.9\tex\latex\amsfonts\umsb.fd"
File: umsb.fd 2013/01/14 v3.01 AMS symbols B
)
("C:\Users\Yue\Desktop\master's\2015 Winter\Data mining\bike-sharing-current\fi
nal_report.toc")
\tf@toc=\write5
 [1

{C:/ProgramData/MiKTeX/2.9/pdftex/config/pdftex.map}]
LaTeX Font Info:    Try loading font information for OMS+cmr on input line 75.

("C:\Program Files\MiKTeX 2.9\tex\latex\base\omscmr.fd"
File: omscmr.fd 1999/05/25 v2.5h Standard LaTeX font definitions
)
LaTeX Font Info:    Font shape `OMS/cmr/m/n' in size <12> not available
(Font)              Font shape `OMS/cmsy/m/n' tried instead on input line 75.

Overfull \hbox (45.62408pt too wide) in paragraph at lines 106--131
[][] 
 []

[2] <figures/scatterplot.png, id=125, 778.91pt x 485.815pt>
File: figures/scatterplot.png Graphic file (type png)

<use figures/scatterplot.png>
Package pdftex.def Info: figures/scatterplot.png used on input line 139.
(pdftex.def)             Requested size: 467.34961pt x 291.49124pt.

Overfull \hbox (33.72961pt too wide) in paragraph at lines 139--140
[][] 
 []

[3] <figures/correlation.png, id=134, 701.62125pt x 427.5975pt>
File: figures/correlation.png Graphic file (type png)

<use figures/correlation.png>
Package pdftex.def Info: figures/correlation.png used on input line 164.
(pdftex.def)             Requested size: 420.97598pt x 256.56047pt.
 [4 <C:/Users/Yue/Desktop/master's/2015 Winter/Data mining/bike-sharing-current
/figures/scatterplot.png>]
<figures/temp_counts.png, id=143, 457.71pt x 295.1025pt>
File: figures/temp_counts.png Graphic file (type png)

<use figures/temp_counts.png>
Package pdftex.def Info: figures/temp_counts.png used on input line 178.
(pdftex.def)             Requested size: 389.05534pt x 250.83829pt.
 [5 <C:/Users/Yue/Desktop/master's/2015 Winter/Data mining/bike-sharing-current
/figures/correlation.png>]
<figures/atemp_cnt.png, id=149, 457.71pt x 180.675pt>
File: figures/atemp_cnt.png Graphic file (type png)

<use figures/atemp_cnt.png>
Package pdftex.def Info: figures/atemp_cnt.png used on input line 189.
(pdftex.def)             Requested size: 190.79385pt x 75.3123pt.

<figures/temp_cnt.png, id=150, 467.49657pt x 177.66376pt>
File: figures/temp_cnt.png Graphic file (type png)

<use figures/temp_cnt.png>
Package pdftex.def Info: figures/temp_cnt.png used on input line 195.
(pdftex.def)             Requested size: 190.79385pt x 72.50916pt.

<figures/week_cnt.png, id=153, 456.20438pt x 176.91093pt>
File: figures/week_cnt.png Graphic file (type png)

<use figures/week_cnt.png>
Package pdftex.def Info: figures/week_cnt.png used on input line 207.
(pdftex.def)             Requested size: 364.96399pt x 141.52893pt.
 [6 <C:/Users/Yue/Desktop/master's/2015 Winter/Data mining/bike-sharing-current
/figures/temp_counts.png> <C:/Users/Yue/Desktop/master's/2015 Winter/Data minin
g/bike-sharing-current/figures/atemp_cnt.png> <C:/Users/Yue/Desktop/master's/20
15 Winter/Data mining/bike-sharing-current/figures/temp_cnt.png>] <figures/hr_w
eekday.png, id=161, 659.46375pt x 495.35063pt>
File: figures/hr_weekday.png Graphic file (type png)

<use figures/hr_weekday.png>
Package pdftex.def Info: figures/hr_weekday.png used on input line 213.
(pdftex.def)             Requested size: 395.68129pt x 297.21268pt.

<figures/hr_weekday_holiday.png, id=162, 466.74374pt x 347.79938pt>
File: figures/hr_weekday_holiday.png Graphic file (type png)

<use figures/hr_weekday_holiday.png>
Package pdftex.def Info: figures/hr_weekday_holiday.png used on input line 219.

(pdftex.def)             Requested size: 466.7426pt x 347.79852pt.

Overfull \hbox (33.1226pt too wide) in paragraph at lines 219--220
 [][] 
 []

[7 <C:/Users/Yue/Desktop/master's/2015 Winter/Data mining/bike-sharing-current/
figures/week_cnt.png> <C:/Users/Yue/Desktop/master's/2015 Winter/Data mining/bi
ke-sharing-current/figures/hr_weekday.png>]
<figures/hr_cnt.png, id=168, 466.74374pt x 347.79938pt>
File: figures/hr_cnt.png Graphic file (type png)

<use figures/hr_cnt.png>
Package pdftex.def Info: figures/hr_cnt.png used on input line 227.
(pdftex.def)             Requested size: 396.73405pt x 295.63086pt.
 [8 <C:/Users/Yue/Desktop/master's/2015 Winter/Data mining/bike-sharing-current
/figures/hr_weekday_holiday.png>]
<figures/month_count.png, id=174, 621.82312pt x 180.675pt>
File: figures/month_count.png Graphic file (type png)

<use figures/month_count.png>
Package pdftex.def Info: figures/month_count.png used on input line 236.
(pdftex.def)             Requested size: 373.09674pt x 108.40582pt.

<figures/cnt_hr_mnth.png, id=175, 466.74374pt x 353.06906pt>
File: figures/cnt_hr_mnth.png Graphic file (type png)

<use figures/cnt_hr_mnth.png>
Package pdftex.def Info: figures/cnt_hr_mnth.png used on input line 244.
(pdftex.def)             Requested size: 466.7426pt x 353.06819pt.

Overfull \hbox (33.1226pt too wide) in paragraph at lines 244--245
 [][] 
 []

[9 <C:/Users/Yue/Desktop/master's/2015 Winter/Data mining/bike-sharing-current/
figures/hr_cnt.png> <C:/Users/Yue/Desktop/master's/2015 Winter/Data mining/bike
-sharing-current/figures/month_count.png>]
<figures/coplot_season.png, id=181, 462.22687pt x 351.56343pt>
File: figures/coplot_season.png Graphic file (type png)

<use figures/coplot_season.png>
Package pdftex.def Info: figures/coplot_season.png used on input line 251.
(pdftex.def)             Requested size: 416.00034pt x 316.40414pt.
 [10 <C:/Users/Yue/Desktop/master's/2015 Winter/Data mining/bike-sharing-curren
t/figures/cnt_hr_mnth.png>]
<figures/spring_pcor.png, id=187, 761.09344pt x 248.42813pt>
File: figures/spring_pcor.png Graphic file (type png)

<use figures/spring_pcor.png>
Package pdftex.def Info: figures/spring_pcor.png used on input line 261.
(pdftex.def)             Requested size: 216.81pt x 70.76863pt.

<figures/summer_pcor.png, id=188, 761.84625pt x 247.67531pt>
File: figures/summer_pcor.png Graphic file (type png)

<use figures/summer_pcor.png>
Package pdftex.def Info: figures/summer_pcor.png used on input line 266.
(pdftex.def)             Requested size: 216.81pt x 70.48238pt.

<figures/fall_pcor.png, id=189, 762.59906pt x 251.43938pt>
File: figures/fall_pcor.png Graphic file (type png)

<use figures/fall_pcor.png>
Package pdftex.def Info: figures/fall_pcor.png used on input line 275.
(pdftex.def)             Requested size: 216.81pt x 71.48447pt.

<figures/winter_pcor.png, id=190, 759.58781pt x 249.18094pt>
File: figures/winter_pcor.png Graphic file (type png)

<use figures/winter_pcor.png>
Package pdftex.def Info: figures/winter_pcor.png used on input line 280.
(pdftex.def)             Requested size: 216.81pt x 71.12375pt.
 [11 <C:/Users/Yue/Desktop/master's/2015 Winter/Data mining/bike-sharing-curren
t/figures/coplot_season.png> <C:/Users/Yue/Desktop/master's/2015 Winter/Data mi
ning/bike-sharing-current/figures/spring_pcor.png> <C:/Users/Yue/Desktop/master
's/2015 Winter/Data mining/bike-sharing-current/figures/summer_pcor.png> <C:/Us
ers/Yue/Desktop/master's/2015 Winter/Data mining/bike-sharing-current/figures/f
all_pcor.png> <C:/Users/Yue/Desktop/master's/2015 Winter/Data mining/bike-shari
ng-current/figures/winter_pcor.png>]
<figures/registered_cnt_season.png, id=200, 465.99094pt x 243.91125pt>
File: figures/registered_cnt_season.png Graphic file (type png)

<use figures/registered_cnt_season.png>
Package pdftex.def Info: figures/registered_cnt_season.png used on input line 3
04.
(pdftex.def)             Requested size: 216.81pt x 113.48454pt.

<figures/casual_cnt_season.png, id=201, 459.21562pt x 239.39438pt>
File: figures/casual_cnt_season.png Graphic file (type png)

<use figures/casual_cnt_season.png>
Package pdftex.def Info: figures/casual_cnt_season.png used on input line 310.
(pdftex.def)             Requested size: 216.81pt x 113.02676pt.

<figures/coplot_registered_casual_mnth.png, id=204, 459.96844pt x 240.9pt>
File: figures/coplot_registered_casual_mnth.png Graphic file (type png)

<use figures/coplot_registered_casual_mnth.png>
Package pdftex.def Info: figures/coplot_registered_casual_mnth.png used on inpu
t line 318.
(pdftex.def)             Requested size: 413.96777pt x 216.80798pt.
 [12 <C:/Users/Yue/Desktop/master's/2015 Winter/Data mining/bike-sharing-curren
t/figures/registered_cnt_season.png> <C:/Users/Yue/Desktop/master's/2015 Winter
/Data mining/bike-sharing-current/figures/casual_cnt_season.png> <C:/Users/Yue/
Desktop/master's/2015 Winter/Data mining/bike-sharing-current/figures/coplot_re
gistered_casual_mnth.png>]
<figures/casual_typical_winter.png, id=212, 904.1278pt x 179.92218pt>
File: figures/casual_typical_winter.png Graphic file (type png)

<use figures/casual_typical_winter.png>
Package pdftex.def Info: figures/casual_typical_winter.png used on input line 3
31.
(pdftex.def)             Requested size: 216.81pt x 43.14377pt.

<figures/casual_typical_summer.png, id=213, 904.1278pt x 182.18062pt>
File: figures/casual_typical_summer.png Graphic file (type png)

<use figures/casual_typical_summer.png>
Package pdftex.def Info: figures/casual_typical_summer.png used on input line 3
36.
(pdftex.def)             Requested size: 216.81pt x 43.68532pt.

<figures/casual_week_before_school.png, id=214, 912.40875pt x 175.40532pt>
File: figures/casual_week_before_school.png Graphic file (type png)

<use figures/casual_week_before_school.png>
Package pdftex.def Info: figures/casual_week_before_school.png used on input li
ne 347.
(pdftex.def)             Requested size: 216.81pt x 41.67792pt.

<figures/casual_school_start.png, id=215, 904.88063pt x 177.66376pt>
File: figures/casual_school_start.png Graphic file (type png)

<use figures/casual_school_start.png>
Package pdftex.def Info: figures/casual_school_start.png used on input line 352
.
(pdftex.def)             Requested size: 216.81pt x 42.56697pt.

<figures/casual_chritmas_2011.png, id=216, 905.63344pt x 172.39406pt>
File: figures/casual_chritmas_2011.png Graphic file (type png)

<use figures/casual_chritmas_2011.png>
Package pdftex.def Info: figures/casual_chritmas_2011.png used on input line 36
3.
(pdftex.def)             Requested size: 216.81pt x 41.27019pt.

<figures/casual_christmas.png, id=217, 911.65594pt x 182.93344pt>
File: figures/casual_christmas.png Graphic file (type png)

<use figures/casual_christmas.png>
Package pdftex.def Info: figures/casual_christmas.png used on input line 368.
(pdftex.def)             Requested size: 216.81pt x 43.50575pt.

<figures/registered_typical_winter.png, id=218, 908.64468pt x 172.39406pt>
File: figures/registered_typical_winter.png Graphic file (type png)

<use figures/registered_typical_winter.png>
Package pdftex.def Info: figures/registered_typical_winter.png used on input li
ne 379.
(pdftex.def)             Requested size: 216.81pt x 41.1334pt.

<figures/registered_typical_summer.png, id=219, 906.38625pt x 176.15813pt>
File: figures/registered_typical_summer.png Graphic file (type png)

<use figures/registered_typical_summer.png>
Package pdftex.def Info: figures/registered_typical_summer.png used on input li
ne 384.
(pdftex.def)             Requested size: 216.81pt x 42.13634pt.

<figures/registered_christmas_2011.png, id=220, 905.63344pt x 176.15813pt>
File: figures/registered_christmas_2011.png Graphic file (type png)

<use figures/registered_christmas_2011.png>
Package pdftex.def Info: figures/registered_christmas_2011.png used on input li
ne 395.
(pdftex.def)             Requested size: 216.81pt x 42.17128pt.

<figures/registered_christmas_2012.png, id=221, 904.88063pt x 184.43906pt>
File: figures/registered_christmas_2012.png Graphic file (type png)

<use figures/registered_christmas_2012.png>
Package pdftex.def Info: figures/registered_christmas_2012.png used on input li
ne 400.
(pdftex.def)             Requested size: 216.81pt x 44.19028pt.
 [13 <C:/Users/Yue/Desktop/master's/2015 Winter/Data mining/bike-sharing-curren
t/figures/casual_typical_winter.png> <C:/Users/Yue/Desktop/master's/2015 Winter
/Data mining/bike-sharing-current/figures/casual_typical_summer.png> <C:/Users/
Yue/Desktop/master's/2015 Winter/Data mining/bike-sharing-current/figures/casua
l_week_before_school.png> <C:/Users/Yue/Desktop/master's/2015 Winter/Data minin
g/bike-sharing-current/figures/casual_school_start.png> <C:/Users/Yue/Desktop/m
aster's/2015 Winter/Data mining/bike-sharing-current/figures/casual_chritmas_20
11.png> <C:/Users/Yue/Desktop/master's/2015 Winter/Data mining/bike-sharing-cur
rent/figures/casual_christmas.png> <C:/Users/Yue/Desktop/master's/2015 Winter/D
ata mining/bike-sharing-current/figures/registered_typical_winter.png> <C:/User
s/Yue/Desktop/master's/2015 Winter/Data mining/bike-sharing-current/figures/reg
istered_typical_summer.png>]
[14 <C:/Users/Yue/Desktop/master's/2015 Winter/Data mining/bike-sharing-current
/figures/registered_christmas_2011.png> <C:/Users/Yue/Desktop/master's/2015 Win
ter/Data mining/bike-sharing-current/figures/registered_christmas_2012.png>]
[15] <figures/casual_yr.png, id=254, 515.67656pt x 332.74312pt>
File: figures/casual_yr.png Graphic file (type png)

<use figures/casual_yr.png>
Package pdftex.def Info: figures/casual_yr.png used on input line 486.
(pdftex.def)             Requested size: 208.13574pt x 134.29819pt.

<figures/registered_yr.png, id=255, 532.99126pt x 336.50719pt>
File: figures/registered_yr.png Graphic file (type png)

<use figures/registered_yr.png>
Package pdftex.def Info: figures/registered_yr.png used on input line 492.
(pdftex.def)             Requested size: 208.13574pt x 131.40671pt.

<figures/cnt_year.png, id=256, 526.21594pt x 338.76563pt>
File: figures/cnt_year.png Graphic file (type png)

<use figures/cnt_year.png>
Package pdftex.def Info: figures/cnt_year.png used on input line 500.
(pdftex.def)             Requested size: 420.97333pt x 271.01285pt.
 [16 <C:/Users/Yue/Desktop/master's/2015 Winter/Data mining/bike-sharing-curren
t/figures/casual_yr.png> <C:/Users/Yue/Desktop/master's/2015 Winter/Data mining
/bike-sharing-current/figures/registered_yr.png> <C:/Users/Yue/Desktop/master's
/2015 Winter/Data mining/bike-sharing-current/figures/cnt_year.png>]
Overfull \hbox (17.15523pt too wide) in paragraph at lines 532--532
[]    \OT1/cmtt/m/n/12 hr0 hr1 hr2 hr3 hr4 hr5 hr6 hr7 hr8 hr9 hr10 hr11 hr12 h
r13 hr14 hr15[] 
 []


Overfull \hbox (4.80522pt too wide) in paragraph at lines 532--532
[]\OT1/cmtt/m/n/12 1  16  40  32  13   1   1   2   3   8  14   36   56   84   9
4  106  110[] 
 []


Overfull \hbox (4.80522pt too wide) in paragraph at lines 532--532
[]\OT1/cmtt/m/n/12 2  17  17   9   6   3  NA   2   1   8  20   53   70   93   7
5   59   74[] 
 []


Overfull \hbox (4.80522pt too wide) in paragraph at lines 532--532
[]\OT1/cmtt/m/n/12 3   5   2  NA  NA   1   3  30  64 154  88   44   51   61   6
1   77   72[] 
 []


Overfull \hbox (4.80522pt too wide) in paragraph at lines 532--532
[]\OT1/cmtt/m/n/12 4   5   2   1  NA   2   4  36  94 179 100   42   57   78   9
7   63   65[] 
 []


Overfull \hbox (4.80522pt too wide) in paragraph at lines 532--532
[]\OT1/cmtt/m/n/12 5   6   6   2  NA   2   3  33  88 195 115   57   46   79   7
1   62   62[] 
 []


Overfull \hbox (4.80522pt too wide) in paragraph at lines 532--532
[]\OT1/cmtt/m/n/12 6  11   4   2  NA   1   4  36  95 219 122   45   59   84   6
7   70   62[] 
 []

<figures/cluster_goal.png, id=264, 519.44063pt x 254.45062pt>
File: figures/cluster_goal.png Graphic file (type png)

<use figures/cluster_goal.png>
Package pdftex.def Info: figures/cluster_goal.png used on input line 536.
(pdftex.def)             Requested size: 415.55307pt x 203.56076pt.
 [17]
<figures/day1_missing_value.png, id=269, 305.64188pt x 137.01187pt>
File: figures/day1_missing_value.png Graphic file (type png)

<use figures/day1_missing_value.png>
Package pdftex.def Info: figures/day1_missing_value.png used on input line 557.

(pdftex.def)             Requested size: 195.12767pt x 87.46986pt.

Underfull \hbox (badness 3954) in paragraph at lines 558--558
[]\OT1/cmr/m/n/12 Figure 30: [] 3 fill-ing meth-ods
 []


Underfull \hbox (badness 10000) in paragraph at lines 558--558
\OT1/cmr/m/n/12 on day 1, rmse(locf)=8.093207,
 []


Underfull \hbox (badness 10000) in paragraph at lines 558--558
\OT1/cmr/m/n/12 rmse(linear)=5.273207,
 []

<figures/day10_missing_value.png, id=270, 310.91156pt x 141.52875pt>
File: figures/day10_missing_value.png Graphic file (type png)

<use figures/day10_missing_value.png>
Package pdftex.def Info: figures/day10_missing_value.png used on input line 563
.
(pdftex.def)             Requested size: 182.1196pt x 82.90303pt.

Underfull \hbox (badness 1484) in paragraph at lines 564--564
[]\OT1/cmr/m/n/12 Figure 31: [] 3 fill-ing meth-ods
 []


Underfull \hbox (badness 3735) in paragraph at lines 564--564
\OT1/cmr/m/n/12 on day 10, rmse(locf)=37.4316,
 []


Underfull \hbox (badness 10000) in paragraph at lines 564--564
\OT1/cmr/m/n/12 rmse(linear)=15.07681,
 []

[18 <C:/Users/Yue/Desktop/master's/2015 Winter/Data mining/bike-sharing-current
/figures/cluster_goal.png> <C:/Users/Yue/Desktop/master's/2015 Winter/Data mini
ng/bike-sharing-current/figures/day1_missing_value.png> <C:/Users/Yue/Desktop/m
aster's/2015 Winter/Data mining/bike-sharing-current/figures/day10_missing_valu
e.png>] <figures/kmeans_workingday.png, id=281, 660.96938pt x 309.40594pt>
File: figures/kmeans_workingday.png Graphic file (type png)

<use figures/kmeans_workingday.png>
Package pdftex.def Info: figures/kmeans_workingday.png used on input line 575.
(pdftex.def)             Requested size: 429.625pt x 201.11147pt.
 [19 <C:/Users/Yue/Desktop/master's/2015 Winter/Data mining/bike-sharing-curren
t/figures/kmeans_workingday.png>]
<figures/kmeans_clusters.png, id=288, 603.75563pt x 306.39468pt>
File: figures/kmeans_clusters.png Graphic file (type png)

<use figures/kmeans_clusters.png>
Package pdftex.def Info: figures/kmeans_clusters.png used on input line 619.
(pdftex.def)             Requested size: 392.43651pt x 199.15417pt.

<figures/dbi_8.png, id=289, 693.34032pt x 315.42844pt>
File: figures/dbi_8.png Graphic file (type png)
 <use figures/dbi_8.png>
Package pdftex.def Info: figures/dbi_8.png used on input line 634.
(pdftex.def)             Requested size: 450.66586pt x 205.02605pt.

Overfull \hbox (17.04587pt too wide) in paragraph at lines 634--635
 [][] 
 []

[20 <C:/Users/Yue/Desktop/master's/2015 Winter/Data mining/bike-sharing-current
/figures/kmeans_clusters.png>]
<figures/outlier_weka_holliday.png, id=297, 603.75563pt x 379.4175pt>
File: figures/outlier_weka_holliday.png Graphic file (type png)

<use figures/outlier_weka_holliday.png>
Package pdftex.def Info: figures/outlier_weka_holliday.png used on input line 6
44.
(pdftex.def)             Requested size: 392.43651pt x 246.61844pt.
 [21 <C:/Users/Yue/Desktop/master's/2015 Winter/Data mining/bike-sharing-curren
t/figures/dbi_8.png>]
<figures/outlier_weka_nonholliday.png, id=303, 607.51968pt x 319.94531pt>
File: figures/outlier_weka_nonholliday.png Graphic file (type png)

<use figures/outlier_weka_nonholliday.png>
Package pdftex.def Info: figures/outlier_weka_nonholliday.png used on input lin
e 652.
(pdftex.def)             Requested size: 394.8831pt x 207.96198pt.

<figures/outlier_R.png, id=304, 604.50844pt x 332.74312pt>
File: figures/outlier_R.png Graphic file (type png)

<use figures/outlier_R.png>
Package pdftex.def Info: figures/outlier_R.png used on input line 657.
(pdftex.def)             Requested size: 423.15302pt x 232.91858pt.
 [22 <C:/Users/Yue/Desktop/master's/2015 Winter/Data mining/bike-sharing-curren
t/figures/outlier_weka_holliday.png> <C:/Users/Yue/Desktop/master's/2015 Winter
/Data mining/bike-sharing-current/figures/outlier_weka_nonholliday.png>]
<figures/event_Gama1.png, id=312, 353.82187pt x 367.3725pt>
File: figures/event_Gama1.png Graphic file (type png)

<use figures/event_Gama1.png>
Package pdftex.def Info: figures/event_Gama1.png used on input line 665.
(pdftex.def)             Requested size: 208.13574pt x 216.10884pt.

<figures/event_Gama2.png, id=313, 355.3275pt x 329.73187pt>
File: figures/event_Gama2.png Graphic file (type png)

<use figures/event_Gama2.png>
Package pdftex.def Info: figures/event_Gama2.png used on input line 670.
(pdftex.def)             Requested size: 208.13574pt x 193.14644pt.
 [23 <C:/Users/Yue/Desktop/master's/2015 Winter/Data mining/bike-sharing-curren
t/figures/outlier_R.png> <C:/Users/Yue/Desktop/master's/2015 Winter/Data mining
/bike-sharing-current/figures/event_Gama1.png> <C:/Users/Yue/Desktop/master's/2
015 Winter/Data mining/bike-sharing-current/figures/event_Gama2.png>] [24]
Overfull \hbox (27.77303pt too wide) in paragraph at lines 711--712
[]\OT1/cmr/m/n/12 The re-la-tion-ship be-tween \OT1/cmtt/m/n/12 atemp \OT1/cmr/
m/n/12 and \OT1/cmtt/m/n/12 cnt \OT1/cmr/m/n/12 is non-linear, as can be seen f
rom GRAPHREF.
 []


LaTeX Warning: Reference `fig:badrows' on page 25 undefined on input line 723.

[25]
Package atveryend Info: Empty hook `BeforeClearDocument' on input line 751.
 [26]
Package atveryend Info: Empty hook `AfterLastShipout' on input line 751.

("C:\Users\Yue\Desktop\master's\2015 Winter\Data mining\bike-sharing-current\fi
nal_report.aux")
Package atveryend Info: Executing hook `AtVeryEndDocument' on input line 751.
Package atveryend Info: Executing hook `AtEndAfterFileList' on input line 751.
Package rerunfilecheck Info: File `final_report.out' has not changed.
(rerunfilecheck)             Checksum: 384F9A7B6F4EA01F84F3FF9BB3A0E70A;1445.


LaTeX Warning: There were undefined references.

Package atveryend Info: Empty hook `AtVeryVeryEnd' on input line 751.
 ) 
Here is how much of TeX's memory you used:
 9566 strings out of 493921
 138019 string characters out of 3147288
 232889 words of memory out of 3000000
 12573 multiletter control sequences out of 15000+200000
 14509 words of font info for 57 fonts, out of 3000000 for 9000
 842 hyphenation exceptions out of 8191
 34i,10n,35p,771b,443s stack positions out of 5000i,500n,10000p,200000b,50000s
<C:/Program Files/MiKTeX 2.9/fonts/type1/public/amsfonts/cm/cmbx10.pfb><C:/Pr
ogram Files/MiKTeX 2.9/fonts/type1/public/amsfonts/cm/cmbx12.pfb><C:/Program Fi
les/MiKTeX 2.9/fonts/type1/public/amsfonts/cm/cmmi12.pfb><C:/Program Files/MiKT
eX 2.9/fonts/type1/public/amsfonts/cm/cmr12.pfb><C:/Program Files/MiKTeX 2.9/fo
nts/type1/public/amsfonts/cm/cmr17.pfb><C:/Program Files/MiKTeX 2.9/fonts/type1
/public/amsfonts/cm/cmr7.pfb><C:/Program Files/MiKTeX 2.9/fonts/type1/public/am
sfonts/cm/cmr8.pfb><C:/Program Files/MiKTeX 2.9/fonts/type1/public/amsfonts/cm/
cmsy10.pfb><C:/Program Files/MiKTeX 2.9/fonts/type1/public/amsfonts/cm/cmti12.p
fb><C:/Program Files/MiKTeX 2.9/fonts/type1/public/amsfonts/cm/cmtt10.pfb><C:/P
rogram Files/MiKTeX 2.9/fonts/type1/public/amsfonts/cm/cmtt12.pfb>
Output written on final_report.pdf (26 pages, 1328878 bytes).
PDF statistics:
 400 PDF objects out of 1000 (max. 8388607)
 104 named destinations out of 1000 (max. 500000)
 384 words of extra memory for PDF output out of 10000 (max. 10000000)

